<?xml version="1.0" encoding="UTF-8"?>
<!-- Generated by org.testng.reporters.JUnitReportReporter -->
<testsuite skipped="0" hostname="NSDF528" name="runner.TestLogin" tests="4" failures="0" timestamp="22 mai 2020 00:59:01 GMT" time="47.736" errors="0">
  <testcase name="CT02_validarSenhaInvalida" time="11.554" classname="runner.TestLogin"/>
  <testcase name="CT04_validarCPFNaoInformado" time="4.964" classname="runner.TestLogin"/>
  <testcase name="CT01_validarLoginComSucesso" time="21.434" classname="runner.TestLogin"/>
  <testcase name="CT03_validarCPFInvalido" time="9.784" classname="runner.TestLogin"/>
</testsuite> <!-- runner.TestLogin -->
